<?xml version="1.0" encoding="UTF-8"?>
<testng-results ignored="0" total="1" passed="1" failed="0" skipped="0">
  <reporter-output>
  </reporter-output>
  <suite started-at="2021-03-05T02:07:50Z" name="Default suite" finished-at="2021-03-05T02:08:06Z" duration-ms="15709">
    <groups>
    </groups>
    <test started-at="2021-03-05T02:07:50Z" name="Default test" finished-at="2021-03-05T02:08:06Z" duration-ms="15709">
      <class name="com.test.qa.testcases.AddCategoryPageTest">
        <test-method is-config="true" signature="setUp()[pri:0, instance:com.test.qa.testcases.AddCategoryPageTest@7d3a22a9]" started-at="2021-03-05T07:37:34Z" name="setUp" finished-at="2021-03-05T07:37:50Z" duration-ms="16307" status="PASS">
          <reporter-output>
          </reporter-output>
        </test-method> <!-- setUp -->
        <test-method signature="addCategoryPageTest()[pri:0, instance:com.test.qa.testcases.AddCategoryPageTest@7d3a22a9]" started-at="2021-03-05T07:37:50Z" name="addCategoryPageTest" finished-at="2021-03-05T07:38:06Z" duration-ms="15683" status="PASS">
          <reporter-output>
          </reporter-output>
        </test-method> <!-- addCategoryPageTest -->
      </class> <!-- com.test.qa.testcases.AddCategoryPageTest -->
    </test> <!-- Default test -->
  </suite> <!-- Default suite -->
</testng-results>
